cl : ligne de commande warning D9002: option '-std=c++11' inconnue ignorée
  Visual_Servoing.cpp
C:\Users\cedri\OneDrive\Bureau\Master 1\AVIO\TP_AVIO_ViSP\Source\src\Visual_Servoing.cpp(29,4): warning C4530: Gestionnaire d'exceptions C++ utilisé, mais les sémantiques de déroulement n'ont pas été activées. Spécifiez /EHsc
C:\visp-ws\visp-build-vc15\install\include\visp3\core\vpCameraParameters.h(337): warning C26812: Le type enum 'vpCameraParameters::vpCameraParametersProjType’ est non délimité. Préférez ’enum class’ à ’enum' (enum.3).
C:\visp-ws\visp-build-vc15\install\include\visp3\core\vpColor.h(203): warning C26812: Le type enum 'vpColor::vpColorIdentifier’ est non délimité. Préférez ’enum class’ à ’enum' (enum.3).
C:\visp-ws\visp-build-vc15\install\include\visp3\core\vpImagePoint.h(125): warning C26439: Ce type de fonction ne peut pas «throw». Déclarez-la 'noexcept' (f.6).
C:\visp-ws\visp-build-vc15\install\include\visp3\core\vpImagePoint.h(127): warning C26478: N'utilisez pas std::move sur les variables constantes. (es.56).
C:\visp-ws\visp-build-vc15\install\include\visp3\core\vpImagePoint.h(128): warning C26478: N'utilisez pas std::move sur les variables constantes. (es.56).
C:\visp-ws\visp-build-vc15\install\include\visp3\core\vpImage.h(582): warning C26451: Dépassement arithmétique : utilisation de l'opérateur '*' sur une valeur de 4 octets, puis cast du résultat vers une valeur de 8 octets. Castez la valeur vers le type plus large avant d'appeler l'opérateur '*' pour évider un dépassement (io.2).
C:\visp-ws\visp-build-vc15\install\include\visp3\core\vpImage.h(583): warning C26451: Dépassement arithmétique : utilisation de l'opérateur '*' sur une valeur de 4 octets, puis cast du résultat vers une valeur de 8 octets. Castez la valeur vers le type plus large avant d'appeler l'opérateur '*' pour évider un dépassement (io.2).
C:\visp-ws\visp-build-vc15\install\include\visp3\core\vpImage.h(1852): warning C26451: Dépassement arithmétique : utilisation de l'opérateur '*' sur une valeur de 4 octets, puis cast du résultat vers une valeur de 8 octets. Castez la valeur vers le type plus large avant d'appeler l'opérateur '*' pour évider un dépassement (io.2).
C:\visp-ws\visp-build-vc15\install\include\visp3\gui\vpDisplayWin32.h(157): warning C26812: Le type enum 'vpDisplay::vpScaleType’ est non délimité. Préférez ’enum class’ à ’enum' (enum.3).
C:\visp-ws\visp-build-vc15\install\include\visp3\core\vpForwardProjection.h(217): warning C26812: Le type enum 'vpForwardProjection::vpForwardProjectionDeallocatorType’ est non délimité. Préférez ’enum class’ à ’enum' (enum.3).
C:\visp-ws\visp-build-vc15\install\include\visp3\robot\vpRobot.h(144): warning C26812: Le type enum 'vpRobot::vpRobotStateType’ est non délimité. Préférez ’enum class’ à ’enum' (enum.3).
C:\visp-ws\visp-build-vc15\install\include\visp3\robot\vpRobot.h(172): warning C26812: Le type enum 'vpRobot::vpControlFrameType’ est non délimité. Préférez ’enum class’ à ’enum' (enum.3).
C:\visp-ws\visp-build-vc15\install\include\visp3\robot\vpImageSimulator.h(231): warning C26812: Le type enum 'vpImageSimulator::vpInterpolationType’ est non délimité. Préférez ’enum class’ à ’enum' (enum.3).
C:\visp-ws\visp-build-vc15\install\include\visp3\robot\vpWireFrameSimulator.h(498): warning C26812: Le type enum 'vpWireFrameSimulator::vpCameraTrajectoryDisplayType’ est non délimité. Préférez ’enum class’ à ’enum' (enum.3).
C:\visp-ws\visp-build-vc15\install\include\visp3\blob\vpDot.h(212): warning C26451: Dépassement arithmétique : utilisation de l'opérateur '+' sur une valeur de 4 octets, puis cast du résultat vers une valeur de 8 octets. Castez la valeur vers le type plus large avant d'appeler l'opérateur '+' pour évider un dépassement (io.2).
C:\visp-ws\visp-build-vc15\install\include\visp3\blob\vpDot.h(212): warning C26451: Dépassement arithmétique : utilisation de l'opérateur '+' sur une valeur de 4 octets, puis cast du résultat vers une valeur de 8 octets. Castez la valeur vers le type plus large avant d'appeler l'opérateur '+' pour évider un dépassement (io.2).
C:\visp-ws\visp-build-vc15\install\include\visp3\blob\vpDot.h(315): warning C26812: Le type enum 'vpDot::vpConnexityType’ est non délimité. Préférez ’enum class’ à ’enum' (enum.3).
C:\visp-ws\visp-build-vc15\install\include\visp3\blob\vpDot2.h(151): warning C26451: Dépassement arithmétique : utilisation de l'opérateur '+' sur une valeur de 4 octets, puis cast du résultat vers une valeur de 8 octets. Castez la valeur vers le type plus large avant d'appeler l'opérateur '+' pour évider un dépassement (io.2).
C:\visp-ws\visp-build-vc15\install\include\visp3\blob\vpDot2.h(151): warning C26451: Dépassement arithmétique : utilisation de l'opérateur '-' sur une valeur de 4 octets, puis cast du résultat vers une valeur de 8 octets. Castez la valeur vers le type plus large avant d'appeler l'opérateur '-' pour évider un dépassement (io.2).
C:\visp-ws\visp-build-vc15\install\include\visp3\blob\vpDot2.h(152): warning C26451: Dépassement arithmétique : utilisation de l'opérateur '+' sur une valeur de 4 octets, puis cast du résultat vers une valeur de 8 octets. Castez la valeur vers le type plus large avant d'appeler l'opérateur '+' pour évider un dépassement (io.2).
C:\visp-ws\visp-build-vc15\install\include\visp3\blob\vpDot2.h(152): warning C26451: Dépassement arithmétique : utilisation de l'opérateur '-' sur une valeur de 4 octets, puis cast du résultat vers une valeur de 8 octets. Castez la valeur vers le type plus large avant d'appeler l'opérateur '-' pour évider un dépassement (io.2).
C:\visp-ws\visp-build-vc15\install\include\visp3\me\vpMeSite.h(139): warning C26812: Le type enum 'vpMeSite::vpMeSiteDisplayType’ est non délimité. Préférez ’enum class’ à ’enum' (enum.3).
C:\visp-ws\visp-build-vc15\install\include\visp3\me\vpMeSite.h(176): warning C26812: Le type enum 'vpMeSite::vpMeSiteState’ est non délimité. Préférez ’enum class’ à ’enum' (enum.3).
C:\visp-ws\visp-build-vc15\install\include\visp3\visual_features\vpBasicFeature.h(123): warning C26812: Le type enum 'vpBasicFeature::vpBasicFeatureDeallocatorType’ est non délimité. Préférez ’enum class’ à ’enum' (enum.3).
C:\visp-ws\visp-build-vc15\install\include\visp3\vs\vpServo.h(304): warning C26812: Le type enum 'vpServo::vpServoType’ est non délimité. Préférez ’enum class’ à ’enum' (enum.3).
C:\Users\cedri\OneDrive\Bureau\Master 1\AVIO\TP_AVIO_ViSP\Source\src\Visual_Servoing.cpp(118): warning C26812: Le type enum 'vpWireFrameSimulator::vpSceneDesiredObject’ est non délimité. Préférez ’enum class’ à ’enum' (enum.3).
C:\Users\cedri\OneDrive\Bureau\Master 1\AVIO\TP_AVIO_ViSP\Source\src\Visual_Servoing.cpp(118): warning C26812: Le type enum 'vpWireFrameSimulator::vpSceneObject’ est non délimité. Préférez ’enum class’ à ’enum' (enum.3).
C:\visp-ws\visp-build-vc15\install\include\visp3\core\vpArray2D.h(328): warning C6308: 'realloc' peut retourner un pointeur Null : l'attribution d'un pointeur Null à 'this->data' passé comme argument à 'realloc' peut entraîner une fuite du bloc de mémoire d'origine.
C:\visp-ws\visp-build-vc15\install\include\visp3\core\vpArray2D.h(336): warning C6308: 'realloc' peut retourner un pointeur Null : l'attribution d'un pointeur Null à 'this->rowPtrs' passé comme argument à 'realloc' peut entraîner une fuite du bloc de mémoire d'origine.
C:\visp-ws\visp-build-vc15\install\include\visp3\core\vpArray2D.h(358): warning C6386: Dépassement de mémoire tampon lors de l'écriture sur 'this->data' : la taille accessible en écriture est 'this->dsize*sizeof(Type)' octets, mais '8' octets sont peut-être écrits.
C:\visp-ws\visp-build-vc15\install\include\visp3\core\vpImage.h(947): warning C6387: 'bitmap' peut être '0' : ceci n'est pas conforme à la spécification de la fonction 'memcpy'. 
C:\visp-ws\visp-build-vc15\install\include\visp3\core\vpImage.h(708): warning C26451: Dépassement arithmétique : utilisation de l'opérateur '*' sur une valeur de 4 octets, puis cast du résultat vers une valeur de 8 octets. Castez la valeur vers le type plus large avant d'appeler l'opérateur '*' pour évider un dépassement (io.2).
